TN:
SF:/Users/ion/Documents/notify-me/src/demo.js
FN:3,(anonymous_1)
FN:3,defineProperties
FN:3,(anonymous_3)
FN:9,_interopRequireDefault
FN:11,_classCallCheck
FN:13,(anonymous_6)
FN:14,Demo
FN:20,setup
FN:31,(anonymous_9)
FN:35,(anonymous_10)
FN:40,(anonymous_11)
FN:50,(anonymous_12)
FN:54,(anonymous_13)
FN:57,(anonymous_14)
FN:63,transitionComplete
FN:68,addTransition
FN:74,removeTransition
FN:80,animationComplete
FN:85,addAnimation
FN:91,removeAnimation
FN:97,removeAnimationListener
FN:102,removeTransitionListener
FNF:22
FNH:14
FNDA:1,(anonymous_1)
FNDA:1,defineProperties
FNDA:1,(anonymous_3)
FNDA:1,_interopRequireDefault
FNDA:1,_classCallCheck
FNDA:1,(anonymous_6)
FNDA:1,Demo
FNDA:6,setup
FNDA:2,(anonymous_9)
FNDA:0,(anonymous_10)
FNDA:0,(anonymous_11)
FNDA:2,(anonymous_12)
FNDA:0,(anonymous_13)
FNDA:0,(anonymous_14)
FNDA:0,transitionComplete
FNDA:2,addTransition
FNDA:0,removeTransition
FNDA:0,animationComplete
FNDA:2,addAnimation
FNDA:0,removeAnimation
FNDA:1,removeAnimationListener
FNDA:1,removeTransitionListener
DA:3,9
DA:5,1
DA:7,1
DA:9,1
DA:11,1
DA:13,1
DA:14,1
DA:15,1
DA:18,1
DA:21,6
DA:23,6
DA:27,6
DA:28,6
DA:29,6
DA:31,6
DA:32,2
DA:35,6
DA:36,0
DA:37,0
DA:40,6
DA:41,0
DA:46,6
DA:47,6
DA:48,6
DA:50,6
DA:51,2
DA:54,6
DA:55,0
DA:57,6
DA:58,0
DA:64,0
DA:69,2
DA:70,2
DA:75,0
DA:76,0
DA:81,0
DA:86,2
DA:87,2
DA:92,0
DA:93,0
DA:98,1
DA:103,1
DA:107,1
DA:110,1
LF:44
LH:33
BRDA:3,1,0,9
BRDA:3,1,1,9
BRDA:3,2,0,9
BRDA:3,2,1,0
BRDA:3,3,0,1
BRDA:3,3,1,0
BRDA:3,4,0,0
BRDA:3,4,1,1
BRDA:9,5,0,1
BRDA:9,5,1,0
BRDA:9,6,0,1
BRDA:9,6,1,1
BRDA:11,7,0,0
BRDA:11,7,1,1
BRF:14
BRH:9
end_of_record
TN:
SF:/Users/ion/Documents/notify-me/src/notify-me.js
FN:7,(anonymous_1)
FN:7,defineProperties
FN:7,(anonymous_3)
FN:9,_classCallCheck
FN:11,(anonymous_5)
FN:12,NotifyMe
FN:18,transitionEnd
FN:23,_privateCall
FN:34,_removeListener
FN:39,animationEnd
FN:44,(anonymous_11)
FN:48,(anonymous_12)
FN:54,removeTransitionListener
FN:59,removeAnimationListener
FNF:14
FNH:13
FNDA:1,(anonymous_1)
FNDA:1,defineProperties
FNDA:1,(anonymous_3)
FNDA:6,_classCallCheck
FNDA:1,(anonymous_5)
FNDA:6,NotifyMe
FNDA:6,transitionEnd
FNDA:2,_privateCall
FNDA:3,_removeListener
FNDA:6,animationEnd
FNDA:2,(anonymous_11)
FNDA:0,(anonymous_12)
FNDA:1,removeTransitionListener
FNDA:1,removeAnimationListener
DA:3,1
DA:7,6
DA:9,6
DA:11,1
DA:12,1
DA:13,6
DA:16,1
DA:19,6
DA:24,2
DA:25,2
DA:26,2
DA:29,0
DA:35,3
DA:40,6
DA:42,6
DA:44,6
DA:45,2
DA:48,6
DA:49,0
DA:55,1
DA:60,1
DA:61,1
DA:65,1
DA:68,1
LF:24
LH:22
BRDA:7,1,0,6
BRDA:7,1,1,6
BRDA:7,2,0,6
BRDA:7,2,1,0
BRDA:7,3,0,1
BRDA:7,3,1,0
BRDA:7,4,0,0
BRDA:7,4,1,1
BRDA:9,5,0,0
BRDA:9,5,1,6
BRDA:24,6,0,2
BRDA:24,6,1,0
BRDA:25,7,0,2
BRDA:25,7,1,0
BRDA:42,8,0,0
BRDA:42,8,1,6
BRDA:42,9,0,6
BRDA:42,9,1,6
BRF:18
BRH:11
end_of_record
TN:
SF:/Users/ion/Documents/notify-me/spec/notifyMeSpec.js
FN:3,(anonymous_1)
FN:8,(anonymous_2)
FN:9,(anonymous_3)
FN:12,(anonymous_4)
FN:15,(anonymous_5)
FN:19,(anonymous_6)
FN:26,(anonymous_7)
FN:30,(anonymous_8)
FN:37,(anonymous_9)
FN:42,(anonymous_10)
FN:49,(anonymous_11)
FN:54,(anonymous_12)
FNF:12
FNH:12
FNDA:6,(anonymous_1)
FNDA:1,(anonymous_2)
FNDA:1,(anonymous_3)
FNDA:1,(anonymous_4)
FNDA:1,(anonymous_5)
FNDA:1,(anonymous_6)
FNDA:1,(anonymous_7)
FNDA:1,(anonymous_8)
FNDA:1,(anonymous_9)
FNDA:1,(anonymous_10)
FNDA:1,(anonymous_11)
FNDA:1,(anonymous_12)
DA:3,1
DA:4,6
DA:5,6
DA:8,1
DA:9,1
DA:10,1
DA:12,1
DA:13,1
DA:15,1
DA:16,1
DA:17,1
DA:19,1
DA:20,1
DA:21,1
DA:22,1
DA:26,1
DA:27,1
DA:28,1
DA:30,1
DA:31,1
DA:32,1
DA:33,1
DA:37,1
DA:38,1
DA:39,1
DA:40,1
DA:42,1
DA:43,1
DA:44,1
DA:45,1
DA:49,1
DA:50,1
DA:51,1
DA:52,1
DA:54,1
DA:55,1
DA:56,1
DA:57,1
LF:38
LH:38
BRF:0
BRH:0
end_of_record
