TN:
SF:/Users/ion/Documents/notify-me/src/demo.js
FN:3,(anonymous_1)
FN:3,defineProperties
FN:3,(anonymous_3)
FN:9,_interopRequireDefault
FN:11,_classCallCheck
FN:13,(anonymous_6)
FN:14,Demo
FN:20,setup
FN:31,(anonymous_9)
FN:35,(anonymous_10)
FN:39,(anonymous_11)
FN:49,(anonymous_12)
FN:53,(anonymous_13)
FN:56,(anonymous_14)
FN:62,transitionComplete
FN:68,addTransition
FN:74,removeTransition
FN:80,animationComplete
FN:86,addAnimation
FN:92,removeAnimation
FN:98,removeAnimationListener
FN:103,removeTransitionListener
FNF:22
FNH:9
FNDA:1,(anonymous_1)
FNDA:1,defineProperties
FNDA:1,(anonymous_3)
FNDA:1,_interopRequireDefault
FNDA:1,_classCallCheck
FNDA:1,(anonymous_6)
FNDA:1,Demo
FNDA:0,setup
FNDA:0,(anonymous_9)
FNDA:0,(anonymous_10)
FNDA:0,(anonymous_11)
FNDA:0,(anonymous_12)
FNDA:0,(anonymous_13)
FNDA:0,(anonymous_14)
FNDA:0,transitionComplete
FNDA:2,addTransition
FNDA:0,removeTransition
FNDA:0,animationComplete
FNDA:2,addAnimation
FNDA:0,removeAnimation
FNDA:0,removeAnimationListener
FNDA:0,removeTransitionListener
DA:3,9
DA:5,1
DA:7,1
DA:9,1
DA:11,1
DA:13,1
DA:14,1
DA:15,1
DA:18,1
DA:21,0
DA:23,0
DA:27,0
DA:28,0
DA:29,0
DA:31,0
DA:32,0
DA:35,0
DA:36,0
DA:39,0
DA:40,0
DA:45,0
DA:46,0
DA:47,0
DA:49,0
DA:50,0
DA:53,0
DA:54,0
DA:56,0
DA:57,0
DA:63,0
DA:64,0
DA:69,2
DA:70,0
DA:75,0
DA:76,0
DA:81,0
DA:82,0
DA:87,2
DA:88,0
DA:93,0
DA:94,0
DA:99,0
DA:104,0
DA:108,1
DA:111,1
LF:45
LH:13
BRDA:3,1,0,9
BRDA:3,1,1,9
BRDA:3,2,0,9
BRDA:3,2,1,0
BRDA:3,3,0,1
BRDA:3,3,1,0
BRDA:3,4,0,0
BRDA:3,4,1,1
BRDA:9,5,0,1
BRDA:9,5,1,0
BRDA:9,6,0,1
BRDA:9,6,1,1
BRDA:11,7,0,0
BRDA:11,7,1,1
BRF:14
BRH:9
end_of_record
TN:
SF:/Users/ion/Documents/notify-me/src/notify-me.js
FN:7,(anonymous_1)
FN:7,defineProperties
FN:7,(anonymous_3)
FN:9,_classCallCheck
FN:11,(anonymous_5)
FN:12,NotifyMe
FN:22,_privateCall
FN:33,_removeListener
FN:39,transitionEnd
FN:45,animationEnd
FN:50,localFunc
FN:62,removeTransitionListener
FN:67,removeAnimationListener
FNF:13
FNH:4
FNDA:1,(anonymous_1)
FNDA:1,defineProperties
FNDA:1,(anonymous_3)
FNDA:0,_classCallCheck
FNDA:1,(anonymous_5)
FNDA:0,NotifyMe
FNDA:0,_privateCall
FNDA:0,_removeListener
FNDA:0,transitionEnd
FNDA:0,animationEnd
FNDA:0,localFunc
FNDA:0,removeTransitionListener
FNDA:0,removeAnimationListener
DA:3,1
DA:7,6
DA:9,1
DA:11,1
DA:12,1
DA:13,0
DA:15,0
DA:16,0
DA:17,0
DA:20,1
DA:23,0
DA:24,0
DA:25,0
DA:28,0
DA:34,0
DA:35,0
DA:40,0
DA:41,0
DA:46,0
DA:48,0
DA:50,0
DA:51,0
DA:54,0
DA:55,0
DA:57,0
DA:58,0
DA:63,0
DA:68,0
DA:69,0
DA:73,1
DA:76,1
LF:31
LH:8
BRDA:7,1,0,6
BRDA:7,1,1,6
BRDA:7,2,0,6
BRDA:7,2,1,0
BRDA:7,3,0,1
BRDA:7,3,1,0
BRDA:7,4,0,0
BRDA:7,4,1,1
BRDA:9,5,0,0
BRDA:9,5,1,0
BRDA:23,6,0,0
BRDA:23,6,1,0
BRDA:24,7,0,0
BRDA:24,7,1,0
BRDA:48,8,0,0
BRDA:48,8,1,0
BRDA:48,9,0,0
BRDA:48,9,1,0
BRF:18
BRH:5
end_of_record
TN:
SF:/Users/ion/Documents/notify-me/spec/notifyMeSpec.js
FN:3,(anonymous_1)
FN:8,(anonymous_2)
FN:9,(anonymous_3)
FN:12,(anonymous_4)
FN:15,(anonymous_5)
FN:19,(anonymous_6)
FN:26,(anonymous_7)
FN:30,(anonymous_8)
FN:37,(anonymous_9)
FN:42,(anonymous_10)
FN:49,(anonymous_11)
FN:54,(anonymous_12)
FNF:12
FNH:8
FNDA:6,(anonymous_1)
FNDA:1,(anonymous_2)
FNDA:1,(anonymous_3)
FNDA:1,(anonymous_4)
FNDA:1,(anonymous_5)
FNDA:0,(anonymous_6)
FNDA:1,(anonymous_7)
FNDA:0,(anonymous_8)
FNDA:1,(anonymous_9)
FNDA:0,(anonymous_10)
FNDA:1,(anonymous_11)
FNDA:0,(anonymous_12)
DA:3,1
DA:4,6
DA:5,0
DA:8,1
DA:9,1
DA:10,1
DA:12,1
DA:13,1
DA:15,1
DA:16,1
DA:17,1
DA:19,0
DA:20,0
DA:21,0
DA:22,0
DA:26,1
DA:27,1
DA:28,1
DA:30,0
DA:31,0
DA:32,0
DA:33,0
DA:37,1
DA:38,1
DA:39,1
DA:40,0
DA:42,0
DA:43,0
DA:44,0
DA:45,0
DA:49,1
DA:50,1
DA:51,1
DA:52,0
DA:54,0
DA:55,0
DA:56,0
DA:57,0
LF:38
LH:19
BRF:0
BRH:0
end_of_record
